0 info it worked if it ends with ok
1 verbose cli [ '/Users/aravinth/.nvm/versions/node/v7.0.0/bin/node',
1 verbose cli   '/Users/aravinth/.nvm/versions/node/v7.0.0/bin/npm',
1 verbose cli   'login',
1 verbose cli   '--registry=https://npm.pkg.github.com/' ]
2 info using npm@3.10.8
3 info using node@v7.0.0
4 verbose adduser before first PUT { _id: 'org.couchdb.user:aravinthraja',
4 verbose adduser   name: 'aravinthraja',
4 verbose adduser   password: 'XXXXX',
4 verbose adduser   email: 'aravinthraja@gmail.com',
4 verbose adduser   type: 'user',
4 verbose adduser   roles: [],
4 verbose adduser   date: '2020-04-16T09:08:33.645Z' }
5 verbose request uri https://npm.pkg.github.com/-/user/org.couchdb.user:aravinthraja
6 verbose request new user, so can't send auth
7 info attempt registry request try #1 at 2:38:33 PM
8 verbose request id af575bcff46a84a5
9 http request PUT https://npm.pkg.github.com/-/user/org.couchdb.user:aravinthraja
10 http 401 https://npm.pkg.github.com/-/user/org.couchdb.user:aravinthraja
11 verbose headers { date: 'Thu, 16 Apr 2020 09:08:34 GMT',
11 verbose headers   'content-type': 'application/json; charset=utf-8',
11 verbose headers   'content-length': '172',
11 verbose headers   'content-security-policy': 'default-src \'none\';',
11 verbose headers   server: 'GitHub Registry',
11 verbose headers   'strict-transport-security': 'max-age=31536000;',
11 verbose headers   'x-content-type-options': 'nosniff',
11 verbose headers   'x-frame-options': 'DENY',
11 verbose headers   'x-xss-protection': '1; mode=block',
11 verbose headers   'x-github-request-id': 'ECA1:1CB3:31DF:640B:5E982091' }
12 verbose request invalidating /Users/aravinth/.npm/npm.pkg.github.com/-/user/org.couchdb.user_3Aaravinthraja on PUT
13 verbose adduser back [ { Error: Error authenticating user: Personal Access Token is invalid. Your token must have the `repo` and read:packages` scopes to login to the GitHub Package Registry. : -/user/org.couchdb.user:aravinthraja
13 verbose adduser       at makeError (/Users/aravinth/.nvm/versions/node/v7.0.0/lib/node_modules/npm/node_modules/npm-registry-client/lib/request.js:302:12)
13 verbose adduser       at CachingRegistryClient.<anonymous> (/Users/aravinth/.nvm/versions/node/v7.0.0/lib/node_modules/npm/node_modules/npm-registry-client/lib/request.js:290:14)
13 verbose adduser       at Request._callback (/Users/aravinth/.nvm/versions/node/v7.0.0/lib/node_modules/npm/node_modules/npm-registry-client/lib/request.js:210:14)
13 verbose adduser       at Request.self.callback (/Users/aravinth/.nvm/versions/node/v7.0.0/lib/node_modules/npm/node_modules/request/request.js:187:22)
13 verbose adduser       at emitTwo (events.js:106:13)
13 verbose adduser       at Request.emit (events.js:191:7)
13 verbose adduser       at Request.<anonymous> (/Users/aravinth/.nvm/versions/node/v7.0.0/lib/node_modules/npm/node_modules/request/request.js:1044:10)
13 verbose adduser       at emitOne (events.js:96:13)
13 verbose adduser       at Request.emit (events.js:188:7)
13 verbose adduser       at IncomingMessage.<anonymous> (/Users/aravinth/.nvm/versions/node/v7.0.0/lib/node_modules/npm/node_modules/request/request.js:965:12) statusCode: 401, code: 'E401' },
13 verbose adduser   { error: 'Error authenticating user: Personal Access Token is invalid. Your token must have the `repo` and read:packages` scopes to login to the GitHub Package Registry.' },
13 verbose adduser   '{"error":"Error authenticating user: Personal Access Token is invalid. Your token must have the `repo` and read:packages` scopes to login to the GitHub Package Registry."}' ]
14 warn adduser Incorrect username or password
14 warn adduser You can reset your account by visiting:
14 warn adduser
14 warn adduser     https://npmjs.org/forgot
15 verbose stack Error: Error authenticating user: Personal Access Token is invalid. Your token must have the `repo` and read:packages` scopes to login to the GitHub Package Registry. : -/user/org.couchdb.user:aravinthraja
15 verbose stack     at makeError (/Users/aravinth/.nvm/versions/node/v7.0.0/lib/node_modules/npm/node_modules/npm-registry-client/lib/request.js:302:12)
15 verbose stack     at CachingRegistryClient.<anonymous> (/Users/aravinth/.nvm/versions/node/v7.0.0/lib/node_modules/npm/node_modules/npm-registry-client/lib/request.js:290:14)
15 verbose stack     at Request._callback (/Users/aravinth/.nvm/versions/node/v7.0.0/lib/node_modules/npm/node_modules/npm-registry-client/lib/request.js:210:14)
15 verbose stack     at Request.self.callback (/Users/aravinth/.nvm/versions/node/v7.0.0/lib/node_modules/npm/node_modules/request/request.js:187:22)
15 verbose stack     at emitTwo (events.js:106:13)
15 verbose stack     at Request.emit (events.js:191:7)
15 verbose stack     at Request.<anonymous> (/Users/aravinth/.nvm/versions/node/v7.0.0/lib/node_modules/npm/node_modules/request/request.js:1044:10)
15 verbose stack     at emitOne (events.js:96:13)
15 verbose stack     at Request.emit (events.js:188:7)
15 verbose stack     at IncomingMessage.<anonymous> (/Users/aravinth/.nvm/versions/node/v7.0.0/lib/node_modules/npm/node_modules/request/request.js:965:12)
16 verbose statusCode 401
17 verbose cwd /Users/aravinth/git/karma-luxon
18 error Darwin 19.3.0
19 error argv "/Users/aravinth/.nvm/versions/node/v7.0.0/bin/node" "/Users/aravinth/.nvm/versions/node/v7.0.0/bin/npm" "login" "--registry=https://npm.pkg.github.com/"
20 error node v7.0.0
21 error npm  v3.10.8
22 error code E401
23 error Error authenticating user: Personal Access Token is invalid. Your token must have the `repo` and read:packages` scopes to login to the GitHub Package Registry. : -/user/org.couchdb.user:aravinthraja
24 error If you need help, you may report this error at:
24 error     <https://github.com/npm/npm/issues>
25 verbose exit [ 1, true ]
